[38;5;8m2023-03-23 14:12:32[0m [I] [38;5;78;1mapp[0m [38;5;15;1mKoishi/4.12.1[0m
[38;5;8m2023-03-23 14:12:32[0m [I] [38;5;78;1mapp[0m apply plugin [38;5;78mgroup:entry[0m
[38;5;8m2023-03-23 14:12:32[0m [I] [38;5;78;1mapp[0m apply plugin [38;5;78mgroup:basic[0m
[38;5;8m2023-03-23 14:12:32[0m [I] [38;5;78;1mapp[0m apply plugin [38;5;78mhelp[0m
[38;5;8m2023-03-23 14:12:32[0m [I] [38;5;78;1mapp[0m apply plugin [38;5;78mcommands[0m
[38;5;8m2023-03-23 14:12:32[0m [I] [38;5;78;1mapp[0m apply plugin [38;5;78mlocales[0m
[38;5;8m2023-03-23 14:12:32[0m [I] [38;5;78;1mapp[0m apply plugin [38;5;78mrate-limit[0m
[38;5;8m2023-03-23 14:12:32[0m [I] [38;5;78;1mapp[0m apply plugin [38;5;78mgroup:console[0m
[38;5;8m2023-03-23 14:12:32[0m [I] [38;5;78;1mapp[0m apply plugin [38;5;78manalytics[0m
[38;5;8m2023-03-23 14:12:32[0m [I] [38;5;78;1mapp[0m apply plugin [38;5;78mconsole[0m
[38;5;8m2023-03-23 14:12:32[0m [I] [38;5;78;1mapp[0m apply plugin [38;5;78mdataview[0m
[38;5;8m2023-03-23 14:12:32[0m [I] [38;5;78;1mapp[0m apply plugin [38;5;78mmarket[0m
[38;5;8m2023-03-23 14:12:32[0m [I] [38;5;78;1mapp[0m apply plugin [38;5;78msandbox[0m
[38;5;8m2023-03-23 14:12:32[0m [I] [38;5;78;1mapp[0m apply plugin [38;5;78minsight[0m
[38;5;8m2023-03-23 14:12:32[0m [I] [38;5;78;1mapp[0m apply plugin [38;5;78mlogger[0m
[38;5;8m2023-03-23 14:12:32[0m [I] [38;5;78;1mapp[0m apply plugin [38;5;78mstatus[0m
[38;5;8m2023-03-23 14:12:32[0m [I] [38;5;78;1mapp[0m apply plugin [38;5;78mgroup:storage[0m
[38;5;8m2023-03-23 14:12:32[0m [I] [38;5;78;1mapp[0m apply plugin [38;5;78mdatabase-sqlite[0m
[38;5;8m2023-03-23 14:12:32[0m [I] [38;5;78;1mapp[0m apply plugin [38;5;78massets-local[0m
[38;5;8m2023-03-23 14:12:32[0m [I] [38;5;78;1mapp[0m apply plugin [38;5;78mgroup:adapter[0m
[38;5;8m2023-03-23 14:12:32[0m [I] [38;5;78;1mapp[0m apply plugin [38;5;78mgocqhttp[0m
[38;5;8m2023-03-23 14:12:32[0m [I] [38;5;204;1massets[0m missing config "selfUrl", fallback to "file:" scheme
[38;5;8m2023-03-23 14:12:32[0m [I] [38;5;78;1mapp[0m server listening at [38;5;78mhttp://127.0.0.1:5140[0m
[38;5;8m2023-03-23 14:12:33[0m [I] [38;5;209;1msqlite[0m auto creating table [38;5;209muser[0m
[38;5;8m2023-03-23 14:12:33[0m [I] [38;5;209;1msqlite[0m auto creating table [38;5;209mbinding[0m
[38;5;8m2023-03-23 14:12:33[0m [I] [38;5;209;1msqlite[0m auto creating table [38;5;209mchannel[0m
[38;5;8m2023-03-23 14:12:33[0m [I] [38;5;209;1msqlite[0m auto creating table [38;5;209mstats_daily[0m
[38;5;8m2023-03-23 14:12:33[0m [I] [38;5;209;1msqlite[0m auto creating table [38;5;209mstats_hourly[0m
[38;5;8m2023-03-23 14:12:33[0m [I] [38;5;209;1msqlite[0m auto creating table [38;5;209mstats_longterm[0m
[38;5;8m2023-03-23 14:14:21[0m [I] [38;5;178;1mmarket[0m [1/4] Resolving packages...
[38;5;8m2023-03-23 14:14:22[0m [I] [38;5;178;1mmarket[0m [2/4] Fetching packages...
[38;5;8m2023-03-23 14:14:25[0m [I] [38;5;178;1mmarket[0m [3/4] Linking dependencies...
[38;5;8m2023-03-23 14:14:25[0m [W] [38;5;178;1mmarket[0m warning "@koishijs/plugin-adapter-discord > @satorijs/adapter-discord@3.5.7" has unmet peer dependency "@satorijs/satori@^2.2.0".
[38;5;8m2023-03-23 14:14:25[0m [W] [38;5;178;1mmarket[0m warning "@koishijs/plugin-adapter-feishu > @satorijs/adapter-feishu@1.2.3" has unmet peer dependency "@satorijs/satori@^2.2.2".
[38;5;8m2023-03-23 14:14:25[0m [W] [38;5;178;1mmarket[0m warning "@koishijs/plugin-adapter-kook > @satorijs/adapter-kook@3.6.2" has unmet peer dependency "@satorijs/satori@^2.2.0".
[38;5;8m2023-03-23 14:14:25[0m [W] [38;5;178;1mmarket[0m warning "@koishijs/plugin-adapter-onebot > @satorijs/adapter-onebot@5.6.2" has unmet peer dependency "@satorijs/satori@^2.2.1".
[38;5;8m2023-03-23 14:14:25[0m [W] [38;5;178;1mmarket[0m warning "@koishijs/plugin-adapter-telegram > @satorijs/adapter-telegram@3.7.0" has unmet peer dependency "@satorijs/satori@^2.2.0".
[38;5;8m2023-03-23 14:14:25[0m [W] [38;5;178;1mmarket[0m warning "@koishijs/plugin-database-mongo > @minatojs/driver-mongo@2.5.1" has unmet peer dependency "@minatojs/core@^2.3.1".
[38;5;8m2023-03-23 14:14:25[0m [W] [38;5;178;1mmarket[0m warning "@koishijs/plugin-database-sqlite > @minatojs/driver-sqlite@3.4.1" has unmet peer dependency "@minatojs/core@^2.3.1".
[38;5;8m2023-03-23 14:14:25[0m [W] [38;5;178;1mmarket[0m warning "@koishijs/plugin-database-sqlite > @minatojs/driver-sqlite > @minatojs/sql-utils@4.0.3" has unmet peer dependency "@minatojs/core@^2.3.1".
[38;5;8m2023-03-23 14:14:30[0m [I] [38;5;178;1mmarket[0m [4/4] Building fresh packages...
[38;5;8m2023-03-23 14:14:30[0m [I] [38;5;178;1mmarket[0m success Saved lockfile.
[38;5;8m2023-03-23 14:16:02[0m [I] [38;5;78;1mapp[0m unload plugin [38;5;78mdatabase-sqlite[0m
[38;5;8m2023-03-23 14:16:05[0m [I] [38;5;78;1mapp[0m apply plugin [38;5;78mdatabase-mongo[0m
[38;5;8m2023-03-23 14:16:35[0m [W] [38;5;78;1mapp[0m MongoServerSelectionError: connect ECONNREFUSED ::1:27017
                            at Timeout._onTimeout (D:\NodeJs\new_msr_bot\new_msr_bot\node_modules\mongodb\lib\sdam\topology.js:292:38)
                            at listOnTimeout (node:internal/timers:569:17)
                            at process.processTimers (node:internal/timers:512:7)
[38;5;8m2023-03-23 14:16:35[0m [W] [38;5;78;1mapp[0m TypeError: Cannot read properties of undefined (reading 'close')
                            at MongoDriver.stop (D:\NodeJs\new_msr_bot\new_msr_bot\node_modules\@minatojs\driver-mongo\lib\index.js:319:24)
                            at event <dispose> (D:\NodeJs\new_msr_bot\new_msr_bot\node_modules\@koishijs\core\lib\index.cjs:334:20)
                            at D:\NodeJs\new_msr_bot\new_msr_bot\node_modules\cordis\lib\index.cjs:294:7
                            at Array.filter (<anonymous>)
                            at ForkScope.reset (D:\NodeJs\new_msr_bot\new_msr_bot\node_modules\cordis\lib\index.cjs:291:61)
                            at ForkScope.cancel (D:\NodeJs\new_msr_bot\new_msr_bot\node_modules\cordis\lib\index.cjs:270:10)
                            at D:\NodeJs\new_msr_bot\new_msr_bot\node_modules\cordis\lib\index.cjs:259:12
[38;5;8m2023-03-23 14:21:57[0m [I] [38;5;78;1mapp[0m reload plugin [38;5;78mdatabase-mongo[0m
[38;5;8m2023-03-23 14:22:27[0m [W] [38;5;78;1mapp[0m MongoServerSelectionError: getaddrinfo ENOTFOUND http
                            at Timeout._onTimeout (D:\NodeJs\new_msr_bot\new_msr_bot\node_modules\mongodb\lib\sdam\topology.js:292:38)
                            at listOnTimeout (node:internal/timers:569:17)
                            at process.processTimers (node:internal/timers:512:7)
[38;5;8m2023-03-23 14:22:27[0m [W] [38;5;78;1mapp[0m TypeError: Cannot read properties of undefined (reading 'close')
                            at MongoDriver.stop (D:\NodeJs\new_msr_bot\new_msr_bot\node_modules\@minatojs\driver-mongo\lib\index.js:319:24)
                            at event <dispose> (D:\NodeJs\new_msr_bot\new_msr_bot\node_modules\@koishijs\core\lib\index.cjs:334:20)
                            at D:\NodeJs\new_msr_bot\new_msr_bot\node_modules\cordis\lib\index.cjs:294:7
                            at Array.filter (<anonymous>)
                            at ForkScope.reset (D:\NodeJs\new_msr_bot\new_msr_bot\node_modules\cordis\lib\index.cjs:291:61)
                            at ForkScope.cancel (D:\NodeJs\new_msr_bot\new_msr_bot\node_modules\cordis\lib\index.cjs:270:10)
                            at D:\NodeJs\new_msr_bot\new_msr_bot\node_modules\cordis\lib\index.cjs:259:12
                            at process.processTicksAndRejections (node:internal/process/task_queues:95:5)
[38;5;8m2023-03-23 14:24:30[0m [I] [38;5;78;1mapp[0m apply plugin [38;5;78mdatabase-sqlite[0m
[38;5;8m2023-03-23 14:25:44[0m [I] [38;5;78;1mapp[0m [38;5;15;1mKoishi/4.12.1[0m
[38;5;8m2023-03-23 14:25:44[0m [I] [38;5;78;1mapp[0m apply plugin [38;5;78mgroup:entry[0m
[38;5;8m2023-03-23 14:25:44[0m [I] [38;5;78;1mapp[0m apply plugin [38;5;78mgroup:basic[0m
[38;5;8m2023-03-23 14:25:44[0m [I] [38;5;78;1mapp[0m apply plugin [38;5;78mcommands[0m
[38;5;8m2023-03-23 14:25:44[0m [I] [38;5;78;1mapp[0m apply plugin [38;5;78mhelp[0m
[38;5;8m2023-03-23 14:25:44[0m [I] [38;5;78;1mapp[0m apply plugin [38;5;78mlocales[0m
[38;5;8m2023-03-23 14:25:44[0m [I] [38;5;78;1mapp[0m apply plugin [38;5;78mrate-limit[0m
[38;5;8m2023-03-23 14:25:44[0m [I] [38;5;78;1mapp[0m apply plugin [38;5;78mgroup:console[0m
[38;5;8m2023-03-23 14:25:44[0m [I] [38;5;78;1mapp[0m apply plugin [38;5;78manalytics[0m
[38;5;8m2023-03-23 14:25:44[0m [I] [38;5;78;1mapp[0m apply plugin [38;5;78mconsole[0m
[38;5;8m2023-03-23 14:25:45[0m [I] [38;5;78;1mapp[0m apply plugin [38;5;78mdataview[0m
[38;5;8m2023-03-23 14:25:45[0m [I] [38;5;78;1mapp[0m apply plugin [38;5;78mlogger[0m
[38;5;8m2023-03-23 14:25:45[0m [I] [38;5;78;1mapp[0m apply plugin [38;5;78minsight[0m
[38;5;8m2023-03-23 14:25:45[0m [I] [38;5;78;1mapp[0m apply plugin [38;5;78mmarket[0m
[38;5;8m2023-03-23 14:25:45[0m [I] [38;5;78;1mapp[0m apply plugin [38;5;78msandbox[0m
[38;5;8m2023-03-23 14:25:45[0m [I] [38;5;78;1mapp[0m apply plugin [38;5;78mstatus[0m
[38;5;8m2023-03-23 14:25:45[0m [I] [38;5;78;1mapp[0m apply plugin [38;5;78mgroup:storage[0m
[38;5;8m2023-03-23 14:25:45[0m [I] [38;5;78;1mapp[0m apply plugin [38;5;78mdatabase-sqlite[0m
[38;5;8m2023-03-23 14:25:45[0m [I] [38;5;78;1mapp[0m apply plugin [38;5;78mdatabase-mongo[0m
[38;5;8m2023-03-23 14:25:46[0m [I] [38;5;78;1mapp[0m apply plugin [38;5;78massets-local[0m
[38;5;8m2023-03-23 14:25:46[0m [I] [38;5;78;1mapp[0m apply plugin [38;5;78mgocqhttp[0m
[38;5;8m2023-03-23 14:25:46[0m [I] [38;5;78;1mapp[0m apply plugin [38;5;78mgroup:adapter[0m
[38;5;8m2023-03-23 14:25:46[0m [I] [38;5;78;1mapp[0m apply plugin [38;5;78mgroup:develop[0m
[38;5;8m2023-03-23 14:25:46[0m [I] [38;5;78;1mapp[0m apply plugin [38;5;78mhmr[0m
[38;5;8m2023-03-23 14:25:46[0m [I] [38;5;204;1massets[0m missing config "selfUrl", fallback to "file:" scheme
[38;5;8m2023-03-23 14:25:46[0m [I] [38;5;78;1mapp[0m server listening at [38;5;78mhttp://127.0.0.1:5140[0m
[38;5;8m2023-03-23 14:26:00[0m [W] [38;5;178;1mmarket[0m timeout of 5000ms exceeded
[38;5;8m2023-03-23 14:26:00[0m [W] [38;5;178;1mmarket[0m timeout of 5000ms exceeded
[38;5;8m2023-03-23 14:26:00[0m [W] [38;5;178;1mmarket[0m timeout of 5000ms exceeded
[38;5;8m2023-03-23 14:26:00[0m [W] [38;5;178;1mmarket[0m timeout of 5000ms exceeded
[38;5;8m2023-03-23 14:26:00[0m [W] [38;5;178;1mmarket[0m timeout of 5000ms exceeded
[38;5;8m2023-03-23 14:26:00[0m [W] [38;5;178;1mmarket[0m aborted
[38;5;8m2023-03-23 14:26:00[0m [W] [38;5;178;1mmarket[0m aborted
[38;5;8m2023-03-23 14:26:16[0m [W] [38;5;78;1mapp[0m MongoServerSelectionError: getaddrinfo ENOTFOUND http
                            at Timeout._onTimeout (D:\NodeJs\new_msr_bot\new_msr_bot\node_modules\mongodb\src\sdam\topology.ts:591:30)
                            at listOnTimeout (node:internal/timers:569:17)
                            at process.processTimers (node:internal/timers:512:7)
[38;5;8m2023-03-23 14:26:16[0m [W] [38;5;78;1mapp[0m TypeError: Cannot read properties of undefined (reading 'close')
                            at MongoDriver.stop (D:\NodeJs\new_msr_bot\new_msr_bot\node_modules\@minatojs\driver-mongo\src\index.ts:84:24)
                            at event <dispose> (D:\NodeJs\new_msr_bot\new_msr_bot\node_modules\@koishijs\core\src\database.ts:242:20)
                            at <anonymous> (D:\NodeJs\new_msr_bot\new_msr_bot\node_modules\cordis\src\scope.ts:133:7)
                            at Array.filter (<anonymous>)
                            at ForkScope.reset (D:\NodeJs\new_msr_bot\new_msr_bot\node_modules\cordis\src\scope.ts:131:61)
                            at ForkScope.cancel (D:\NodeJs\new_msr_bot\new_msr_bot\node_modules\cordis\src\scope.ts:110:10)
                            at <anonymous> (D:\NodeJs\new_msr_bot\new_msr_bot\node_modules\cordis\src\scope.ts:97:14)
                            at process.processTicksAndRejections (node:internal/process/task_queues:95:5)
                            at async Promise.all (index 18)
                            at Lifecycle.flush (D:\NodeJs\new_msr_bot\new_msr_bot\node_modules\cordis\src\events.ts:73:7)
[38;5;8m2023-03-23 14:44:19[0m [I] [38;5;78;1mapp[0m reload plugin [38;5;78mdatabase-mongo[0m
[38;5;8m2023-03-23 14:44:19[0m [W] [38;5;78;1mapp[0m MongoServerError: Authentication failed.
                            at Connection.onMessage (D:\NodeJs\new_msr_bot\new_msr_bot\node_modules\mongodb\src\cmap\connection.ts:447:20)
                            at MessageStream.<anonymous> (D:\NodeJs\new_msr_bot\new_msr_bot\node_modules\mongodb\src\cmap\connection.ts:241:56)
                            at MessageStream.emit (node:events:513:28)
                            at processIncomingData (D:\NodeJs\new_msr_bot\new_msr_bot\node_modules\mongodb\src\cmap\message_stream.ts:189:12)
                            at MessageStream._write (D:\NodeJs\new_msr_bot\new_msr_bot\node_modules\mongodb\src\cmap\message_stream.ts:70:5)
                            at writeOrBuffer (node:internal/streams/writable:392:12)
                            at _write (node:internal/streams/writable:333:10)
                            at Writable.write (node:internal/streams/writable:337:10)
                            at Socket.ondata (node:internal/streams/readable:766:22)
                            at Socket.emit (node:events:513:28)
[38;5;8m2023-03-23 14:44:19[0m [W] [38;5;78;1mapp[0m TypeError: Cannot read properties of undefined (reading 'close')
                            at MongoDriver.stop (D:\NodeJs\new_msr_bot\new_msr_bot\node_modules\@minatojs\driver-mongo\src\index.ts:84:24)
                            at event <dispose> (D:\NodeJs\new_msr_bot\new_msr_bot\node_modules\@koishijs\core\src\database.ts:242:20)
                            at <anonymous> (D:\NodeJs\new_msr_bot\new_msr_bot\node_modules\cordis\src\scope.ts:133:7)
                            at Array.filter (<anonymous>)
                            at ForkScope.reset (D:\NodeJs\new_msr_bot\new_msr_bot\node_modules\cordis\src\scope.ts:131:61)
                            at ForkScope.cancel (D:\NodeJs\new_msr_bot\new_msr_bot\node_modules\cordis\src\scope.ts:110:10)
                            at <anonymous> (D:\NodeJs\new_msr_bot\new_msr_bot\node_modules\cordis\src\scope.ts:97:14)
                            at process.processTicksAndRejections (node:internal/process/task_queues:95:5)
[38;5;8m2023-03-23 14:44:29[0m [I] [38;5;78;1mapp[0m [38;5;15;1mKoishi/4.12.1[0m
[38;5;8m2023-03-23 14:44:29[0m [I] [38;5;78;1mapp[0m apply plugin [38;5;78mgroup:entry[0m
[38;5;8m2023-03-23 14:44:29[0m [I] [38;5;78;1mapp[0m apply plugin [38;5;78mgroup:basic[0m
[38;5;8m2023-03-23 14:44:29[0m [I] [38;5;78;1mapp[0m apply plugin [38;5;78mcommands[0m
[38;5;8m2023-03-23 14:44:30[0m [I] [38;5;78;1mapp[0m apply plugin [38;5;78mhelp[0m
[38;5;8m2023-03-23 14:44:30[0m [I] [38;5;78;1mapp[0m apply plugin [38;5;78mlocales[0m
[38;5;8m2023-03-23 14:44:30[0m [I] [38;5;78;1mapp[0m apply plugin [38;5;78mrate-limit[0m
[38;5;8m2023-03-23 14:44:30[0m [I] [38;5;78;1mapp[0m apply plugin [38;5;78mgroup:console[0m
[38;5;8m2023-03-23 14:44:30[0m [I] [38;5;78;1mapp[0m apply plugin [38;5;78manalytics[0m
[38;5;8m2023-03-23 14:44:30[0m [I] [38;5;78;1mapp[0m apply plugin [38;5;78mconsole[0m
[38;5;8m2023-03-23 14:44:30[0m [I] [38;5;78;1mapp[0m apply plugin [38;5;78mlogger[0m
[38;5;8m2023-03-23 14:44:30[0m [I] [38;5;78;1mapp[0m apply plugin [38;5;78mdataview[0m
[38;5;8m2023-03-23 14:44:30[0m [I] [38;5;78;1mapp[0m apply plugin [38;5;78minsight[0m
[38;5;8m2023-03-23 14:44:30[0m [I] [38;5;78;1mapp[0m apply plugin [38;5;78mmarket[0m
[38;5;8m2023-03-23 14:44:31[0m [I] [38;5;78;1mapp[0m apply plugin [38;5;78msandbox[0m
[38;5;8m2023-03-23 14:44:31[0m [I] [38;5;78;1mapp[0m apply plugin [38;5;78mstatus[0m
[38;5;8m2023-03-23 14:44:31[0m [I] [38;5;78;1mapp[0m apply plugin [38;5;78mgroup:storage[0m
[38;5;8m2023-03-23 14:44:31[0m [I] [38;5;78;1mapp[0m apply plugin [38;5;78mdatabase-sqlite[0m
[38;5;8m2023-03-23 14:44:31[0m [I] [38;5;78;1mapp[0m apply plugin [38;5;78mdatabase-mongo[0m
[38;5;8m2023-03-23 14:44:31[0m [I] [38;5;78;1mapp[0m apply plugin [38;5;78massets-local[0m
[38;5;8m2023-03-23 14:44:31[0m [I] [38;5;78;1mapp[0m apply plugin [38;5;78mgroup:adapter[0m
[38;5;8m2023-03-23 14:44:31[0m [I] [38;5;78;1mapp[0m apply plugin [38;5;78mgocqhttp[0m
[38;5;8m2023-03-23 14:44:31[0m [I] [38;5;78;1mapp[0m apply plugin [38;5;78mgroup:develop[0m
[38;5;8m2023-03-23 14:44:31[0m [I] [38;5;78;1mapp[0m apply plugin [38;5;78mhmr[0m
[38;5;8m2023-03-23 14:44:32[0m [I] [38;5;204;1massets[0m missing config "selfUrl", fallback to "file:" scheme
[38;5;8m2023-03-23 14:44:32[0m [I] [38;5;78;1mapp[0m server listening at [38;5;78mhttp://127.0.0.1:5140[0m
[38;5;8m2023-03-23 14:44:34[0m [W] [38;5;78;1mapp[0m MongoServerError: Authentication failed.
                            at Connection.onMessage (D:\NodeJs\new_msr_bot\new_msr_bot\node_modules\mongodb\src\cmap\connection.ts:447:20)
                            at MessageStream.<anonymous> (D:\NodeJs\new_msr_bot\new_msr_bot\node_modules\mongodb\src\cmap\connection.ts:241:56)
                            at MessageStream.emit (node:events:513:28)
                            at processIncomingData (D:\NodeJs\new_msr_bot\new_msr_bot\node_modules\mongodb\src\cmap\message_stream.ts:189:12)
                            at MessageStream._write (D:\NodeJs\new_msr_bot\new_msr_bot\node_modules\mongodb\src\cmap\message_stream.ts:70:5)
                            at writeOrBuffer (node:internal/streams/writable:392:12)
                            at _write (node:internal/streams/writable:333:10)
                            at Writable.write (node:internal/streams/writable:337:10)
                            at Socket.ondata (node:internal/streams/readable:766:22)
                            at Socket.emit (node:events:513:28)
[38;5;8m2023-03-23 14:44:35[0m [W] [38;5;78;1mapp[0m TypeError: Cannot read properties of undefined (reading 'close')
                            at MongoDriver.stop (D:\NodeJs\new_msr_bot\new_msr_bot\node_modules\@minatojs\driver-mongo\src\index.ts:84:24)
                            at event <dispose> (D:\NodeJs\new_msr_bot\new_msr_bot\node_modules\@koishijs\core\src\database.ts:242:20)
                            at <anonymous> (D:\NodeJs\new_msr_bot\new_msr_bot\node_modules\cordis\src\scope.ts:133:7)
                            at Array.filter (<anonymous>)
                            at ForkScope.reset (D:\NodeJs\new_msr_bot\new_msr_bot\node_modules\cordis\src\scope.ts:131:61)
                            at ForkScope.cancel (D:\NodeJs\new_msr_bot\new_msr_bot\node_modules\cordis\src\scope.ts:110:10)
                            at <anonymous> (D:\NodeJs\new_msr_bot\new_msr_bot\node_modules\cordis\src\scope.ts:97:14)
                            at process.processTicksAndRejections (node:internal/process/task_queues:95:5)
                            at async Promise.all (index 18)
                            at Lifecycle.flush (D:\NodeJs\new_msr_bot\new_msr_bot\node_modules\cordis\src\events.ts:73:7)
[38;5;8m2023-03-23 14:47:50[0m [I] [38;5;78;1mapp[0m [38;5;15;1mKoishi/4.12.1[0m
[38;5;8m2023-03-23 14:47:50[0m [I] [38;5;78;1mapp[0m apply plugin [38;5;78mgroup:entry[0m
[38;5;8m2023-03-23 14:47:50[0m [I] [38;5;78;1mapp[0m apply plugin [38;5;78mgroup:basic[0m
[38;5;8m2023-03-23 14:47:50[0m [I] [38;5;78;1mapp[0m apply plugin [38;5;78mcommands[0m
[38;5;8m2023-03-23 14:47:50[0m [I] [38;5;78;1mapp[0m apply plugin [38;5;78mhelp[0m
[38;5;8m2023-03-23 14:47:50[0m [I] [38;5;78;1mapp[0m apply plugin [38;5;78mlocales[0m
[38;5;8m2023-03-23 14:47:50[0m [I] [38;5;78;1mapp[0m apply plugin [38;5;78mrate-limit[0m
[38;5;8m2023-03-23 14:47:50[0m [I] [38;5;78;1mapp[0m apply plugin [38;5;78mgroup:console[0m
[38;5;8m2023-03-23 14:47:50[0m [I] [38;5;78;1mapp[0m apply plugin [38;5;78mconsole[0m
[38;5;8m2023-03-23 14:47:50[0m [I] [38;5;78;1mapp[0m apply plugin [38;5;78manalytics[0m
[38;5;8m2023-03-23 14:47:50[0m [I] [38;5;78;1mapp[0m apply plugin [38;5;78mdataview[0m
[38;5;8m2023-03-23 14:47:51[0m [I] [38;5;78;1mapp[0m apply plugin [38;5;78mlogger[0m
[38;5;8m2023-03-23 14:47:51[0m [I] [38;5;78;1mapp[0m apply plugin [38;5;78minsight[0m
[38;5;8m2023-03-23 14:47:51[0m [I] [38;5;78;1mapp[0m apply plugin [38;5;78mmarket[0m
[38;5;8m2023-03-23 14:47:51[0m [I] [38;5;78;1mapp[0m apply plugin [38;5;78msandbox[0m
[38;5;8m2023-03-23 14:47:51[0m [I] [38;5;78;1mapp[0m apply plugin [38;5;78mstatus[0m
[38;5;8m2023-03-23 14:47:51[0m [I] [38;5;78;1mapp[0m apply plugin [38;5;78mgroup:storage[0m
[38;5;8m2023-03-23 14:47:51[0m [I] [38;5;78;1mapp[0m apply plugin [38;5;78mdatabase-sqlite[0m
[38;5;8m2023-03-23 14:47:51[0m [I] [38;5;78;1mapp[0m apply plugin [38;5;78mdatabase-mongo[0m
[38;5;8m2023-03-23 14:47:52[0m [I] [38;5;78;1mapp[0m apply plugin [38;5;78massets-local[0m
[38;5;8m2023-03-23 14:47:52[0m [I] [38;5;78;1mapp[0m apply plugin [38;5;78mgroup:adapter[0m
[38;5;8m2023-03-23 14:47:52[0m [I] [38;5;78;1mapp[0m apply plugin [38;5;78mgocqhttp[0m
[38;5;8m2023-03-23 14:47:52[0m [I] [38;5;78;1mapp[0m apply plugin [38;5;78mgroup:develop[0m
[38;5;8m2023-03-23 14:47:52[0m [I] [38;5;78;1mapp[0m apply plugin [38;5;78mhmr[0m
[38;5;8m2023-03-23 14:47:52[0m [I] [38;5;204;1massets[0m missing config "selfUrl", fallback to "file:" scheme
[38;5;8m2023-03-23 14:47:52[0m [I] [38;5;78;1mapp[0m server listening at [38;5;78mhttp://127.0.0.1:5140[0m
[38;5;8m2023-03-23 14:47:55[0m [W] [38;5;78;1mapp[0m MongoServerError: Authentication failed.
                            at Connection.onMessage (D:\NodeJs\new_msr_bot\new_msr_bot\node_modules\mongodb\src\cmap\connection.ts:447:20)
                            at MessageStream.<anonymous> (D:\NodeJs\new_msr_bot\new_msr_bot\node_modules\mongodb\src\cmap\connection.ts:241:56)
                            at MessageStream.emit (node:events:513:28)
                            at processIncomingData (D:\NodeJs\new_msr_bot\new_msr_bot\node_modules\mongodb\src\cmap\message_stream.ts:189:12)
                            at MessageStream._write (D:\NodeJs\new_msr_bot\new_msr_bot\node_modules\mongodb\src\cmap\message_stream.ts:70:5)
                            at writeOrBuffer (node:internal/streams/writable:392:12)
                            at _write (node:internal/streams/writable:333:10)
                            at Writable.write (node:internal/streams/writable:337:10)
                            at Socket.ondata (node:internal/streams/readable:766:22)
                            at Socket.emit (node:events:513:28)
[38;5;8m2023-03-23 14:47:55[0m [W] [38;5;78;1mapp[0m TypeError: Cannot read properties of undefined (reading 'close')
                            at MongoDriver.stop (D:\NodeJs\new_msr_bot\new_msr_bot\node_modules\@minatojs\driver-mongo\src\index.ts:84:24)
                            at event <dispose> (D:\NodeJs\new_msr_bot\new_msr_bot\node_modules\@koishijs\core\src\database.ts:242:20)
                            at <anonymous> (D:\NodeJs\new_msr_bot\new_msr_bot\node_modules\cordis\src\scope.ts:133:7)
                            at Array.filter (<anonymous>)
                            at ForkScope.reset (D:\NodeJs\new_msr_bot\new_msr_bot\node_modules\cordis\src\scope.ts:131:61)
                            at ForkScope.cancel (D:\NodeJs\new_msr_bot\new_msr_bot\node_modules\cordis\src\scope.ts:110:10)
                            at <anonymous> (D:\NodeJs\new_msr_bot\new_msr_bot\node_modules\cordis\src\scope.ts:97:14)
                            at process.processTicksAndRejections (node:internal/process/task_queues:95:5)
                            at async Promise.all (index 18)
                            at Lifecycle.flush (D:\NodeJs\new_msr_bot\new_msr_bot\node_modules\cordis\src\events.ts:73:7)
[38;5;8m2023-03-23 14:48:29[0m [I] [38;5;78;1mapp[0m apply plugin [38;5;78mgroup:entry[0m
[38;5;8m2023-03-23 14:48:29[0m [I] [38;5;78;1mapp[0m [38;5;15;1mKoishi/4.12.1[0m
[38;5;8m2023-03-23 14:48:29[0m [I] [38;5;78;1mapp[0m apply plugin [38;5;78mgroup:basic[0m
[38;5;8m2023-03-23 14:48:29[0m [I] [38;5;78;1mapp[0m apply plugin [38;5;78mcommands[0m
[38;5;8m2023-03-23 14:48:29[0m [I] [38;5;78;1mapp[0m apply plugin [38;5;78mhelp[0m
[38;5;8m2023-03-23 14:48:29[0m [I] [38;5;78;1mapp[0m apply plugin [38;5;78mrate-limit[0m
[38;5;8m2023-03-23 14:48:29[0m [I] [38;5;78;1mapp[0m apply plugin [38;5;78mlocales[0m
[38;5;8m2023-03-23 14:48:29[0m [I] [38;5;78;1mapp[0m apply plugin [38;5;78manalytics[0m
[38;5;8m2023-03-23 14:48:29[0m [I] [38;5;78;1mapp[0m apply plugin [38;5;78mgroup:console[0m
[38;5;8m2023-03-23 14:48:29[0m [I] [38;5;78;1mapp[0m apply plugin [38;5;78mconsole[0m
[38;5;8m2023-03-23 14:48:29[0m [I] [38;5;78;1mapp[0m apply plugin [38;5;78mdataview[0m
[38;5;8m2023-03-23 14:48:29[0m [I] [38;5;78;1mapp[0m apply plugin [38;5;78minsight[0m
[38;5;8m2023-03-23 14:48:29[0m [I] [38;5;78;1mapp[0m apply plugin [38;5;78mlogger[0m
[38;5;8m2023-03-23 14:48:30[0m [I] [38;5;78;1mapp[0m apply plugin [38;5;78msandbox[0m
[38;5;8m2023-03-23 14:48:29[0m [I] [38;5;78;1mapp[0m apply plugin [38;5;78mmarket[0m
[38;5;8m2023-03-23 14:48:30[0m [I] [38;5;78;1mapp[0m apply plugin [38;5;78mgroup:storage[0m
[38;5;8m2023-03-23 14:48:30[0m [I] [38;5;78;1mapp[0m apply plugin [38;5;78mstatus[0m
[38;5;8m2023-03-23 14:48:30[0m [I] [38;5;78;1mapp[0m apply plugin [38;5;78mdatabase-sqlite[0m
[38;5;8m2023-03-23 14:48:30[0m [I] [38;5;78;1mapp[0m apply plugin [38;5;78mdatabase-mongo[0m
[38;5;8m2023-03-23 14:48:30[0m [I] [38;5;78;1mapp[0m apply plugin [38;5;78massets-local[0m
[38;5;8m2023-03-23 14:48:31[0m [I] [38;5;78;1mapp[0m apply plugin [38;5;78mgroup:develop[0m
[38;5;8m2023-03-23 14:48:31[0m [I] [38;5;78;1mapp[0m apply plugin [38;5;78mgroup:adapter[0m
[38;5;8m2023-03-23 14:48:31[0m [I] [38;5;78;1mapp[0m apply plugin [38;5;78mgocqhttp[0m
[38;5;8m2023-03-23 14:48:31[0m [I] [38;5;204;1massets[0m missing config "selfUrl", fallback to "file:" scheme
[38;5;8m2023-03-23 14:48:31[0m [I] [38;5;78;1mapp[0m apply plugin [38;5;78mhmr[0m
[38;5;8m2023-03-23 14:48:31[0m [I] [38;5;78;1mapp[0m server listening at [38;5;78mhttp://127.0.0.1:5140[0m
[38;5;8m2023-03-23 14:48:33[0m [W] [38;5;78;1mapp[0m MongoServerError: Authentication failed.
                            at Connection.onMessage (D:\NodeJs\new_msr_bot\new_msr_bot\node_modules\mongodb\src\cmap\connection.ts:447:20)
                            at MessageStream.<anonymous> (D:\NodeJs\new_msr_bot\new_msr_bot\node_modules\mongodb\src\cmap\connection.ts:241:56)
                            at MessageStream.emit (node:events:513:28)
                            at processIncomingData (D:\NodeJs\new_msr_bot\new_msr_bot\node_modules\mongodb\src\cmap\message_stream.ts:189:12)
                            at MessageStream._write (D:\NodeJs\new_msr_bot\new_msr_bot\node_modules\mongodb\src\cmap\message_stream.ts:70:5)
                            at writeOrBuffer (node:internal/streams/writable:392:12)
                            at _write (node:internal/streams/writable:333:10)
                            at Writable.write (node:internal/streams/writable:337:10)
                            at Socket.ondata (node:internal/streams/readable:766:22)
                            at Socket.emit (node:events:513:28)
[38;5;8m2023-03-23 14:48:33[0m [W] [38;5;78;1mapp[0m TypeError: Cannot read properties of undefined (reading 'close')
                            at MongoDriver.stop (D:\NodeJs\new_msr_bot\new_msr_bot\node_modules\@minatojs\driver-mongo\src\index.ts:84:24)
                            at event <dispose> (D:\NodeJs\new_msr_bot\new_msr_bot\node_modules\@koishijs\core\src\database.ts:242:20)
                            at <anonymous> (D:\NodeJs\new_msr_bot\new_msr_bot\node_modules\cordis\src\scope.ts:133:7)
                            at Array.filter (<anonymous>)
                            at ForkScope.reset (D:\NodeJs\new_msr_bot\new_msr_bot\node_modules\cordis\src\scope.ts:131:61)
                            at ForkScope.cancel (D:\NodeJs\new_msr_bot\new_msr_bot\node_modules\cordis\src\scope.ts:110:10)
                            at <anonymous> (D:\NodeJs\new_msr_bot\new_msr_bot\node_modules\cordis\src\scope.ts:97:14)
                            at process.processTicksAndRejections (node:internal/process/task_queues:95:5)
                            at async Promise.all (index 18)
                            at Lifecycle.flush (D:\NodeJs\new_msr_bot\new_msr_bot\node_modules\cordis\src\events.ts:73:7)
[38;5;8m2023-03-23 14:48:59[0m [I] [38;5;78;1mapp[0m unload plugin [38;5;78mdatabase-mongo[0m
[38;5;8m2023-03-23 14:52:53[0m [I] [38;5;78;1mapp[0m [38;5;15;1mKoishi/4.12.1[0m
[38;5;8m2023-03-23 14:52:53[0m [I] [38;5;78;1mapp[0m apply plugin [38;5;78mgroup:entry[0m
[38;5;8m2023-03-23 14:52:53[0m [I] [38;5;78;1mapp[0m apply plugin [38;5;78mgroup:basic[0m
[38;5;8m2023-03-23 14:52:53[0m [I] [38;5;78;1mapp[0m apply plugin [38;5;78mcommands[0m
[38;5;8m2023-03-23 14:52:53[0m [I] [38;5;78;1mapp[0m apply plugin [38;5;78mhelp[0m
[38;5;8m2023-03-23 14:52:53[0m [I] [38;5;78;1mapp[0m apply plugin [38;5;78mlocales[0m
[38;5;8m2023-03-23 14:52:53[0m [I] [38;5;78;1mapp[0m apply plugin [38;5;78mrate-limit[0m
[38;5;8m2023-03-23 14:52:54[0m [I] [38;5;78;1mapp[0m apply plugin [38;5;78manalytics[0m
[38;5;8m2023-03-23 14:52:54[0m [I] [38;5;78;1mapp[0m apply plugin [38;5;78mgroup:console[0m
[38;5;8m2023-03-23 14:52:54[0m [I] [38;5;78;1mapp[0m apply plugin [38;5;78mconsole[0m
[38;5;8m2023-03-23 14:52:54[0m [I] [38;5;78;1mapp[0m apply plugin [38;5;78mdataview[0m
[38;5;8m2023-03-23 14:52:54[0m [I] [38;5;78;1mapp[0m apply plugin [38;5;78mlogger[0m
[38;5;8m2023-03-23 14:52:54[0m [I] [38;5;78;1mapp[0m apply plugin [38;5;78mmarket[0m
[38;5;8m2023-03-23 14:52:54[0m [I] [38;5;78;1mapp[0m apply plugin [38;5;78minsight[0m
[38;5;8m2023-03-23 14:52:54[0m [I] [38;5;78;1mapp[0m apply plugin [38;5;78msandbox[0m
[38;5;8m2023-03-23 14:52:54[0m [I] [38;5;78;1mapp[0m apply plugin [38;5;78mstatus[0m
[38;5;8m2023-03-23 14:52:54[0m [I] [38;5;78;1mapp[0m apply plugin [38;5;78mdatabase-sqlite[0m
[38;5;8m2023-03-23 14:52:54[0m [I] [38;5;78;1mapp[0m apply plugin [38;5;78mgroup:storage[0m
[38;5;8m2023-03-23 14:52:55[0m [I] [38;5;78;1mapp[0m apply plugin [38;5;78massets-local[0m
[38;5;8m2023-03-23 14:52:55[0m [I] [38;5;78;1mapp[0m apply plugin [38;5;78mgroup:adapter[0m
[38;5;8m2023-03-23 14:52:55[0m [I] [38;5;78;1mapp[0m apply plugin [38;5;78mgocqhttp[0m
[38;5;8m2023-03-23 14:52:55[0m [I] [38;5;204;1massets[0m missing config "selfUrl", fallback to "file:" scheme
[38;5;8m2023-03-23 14:52:55[0m [I] [38;5;78;1mapp[0m apply plugin [38;5;78mhmr[0m
[38;5;8m2023-03-23 14:52:55[0m [I] [38;5;78;1mapp[0m apply plugin [38;5;78mgroup:develop[0m
[38;5;8m2023-03-23 14:52:55[0m [I] [38;5;78;1mapp[0m server listening at [38;5;78mhttp://127.0.0.1:5140[0m
[38;5;8m2023-03-23 15:11:10[0m [I] [38;5;78;1mapp[0m [38;5;15;1mKoishi/4.12.1[0m
[38;5;8m2023-03-23 15:11:11[0m [I] [38;5;78;1mapp[0m apply plugin [38;5;78mgroup:entry[0m
[38;5;8m2023-03-23 15:11:11[0m [I] [38;5;78;1mapp[0m apply plugin [38;5;78mgroup:basic[0m
[38;5;8m2023-03-23 15:11:11[0m [I] [38;5;78;1mapp[0m apply plugin [38;5;78mcommands[0m
[38;5;8m2023-03-23 15:11:11[0m [I] [38;5;78;1mapp[0m apply plugin [38;5;78mhelp[0m
[38;5;8m2023-03-23 15:11:11[0m [I] [38;5;78;1mapp[0m apply plugin [38;5;78mrate-limit[0m
[38;5;8m2023-03-23 15:11:11[0m [I] [38;5;78;1mapp[0m apply plugin [38;5;78mlocales[0m
[38;5;8m2023-03-23 15:11:11[0m [I] [38;5;78;1mapp[0m apply plugin [38;5;78mgroup:console[0m
[38;5;8m2023-03-23 15:11:11[0m [I] [38;5;78;1mapp[0m apply plugin [38;5;78manalytics[0m
[38;5;8m2023-03-23 15:11:11[0m [I] [38;5;78;1mapp[0m apply plugin [38;5;78mconsole[0m
[38;5;8m2023-03-23 15:11:11[0m [I] [38;5;78;1mapp[0m apply plugin [38;5;78mdataview[0m
[38;5;8m2023-03-23 15:11:11[0m [I] [38;5;78;1mapp[0m apply plugin [38;5;78mlogger[0m
[38;5;8m2023-03-23 15:11:11[0m [I] [38;5;78;1mapp[0m apply plugin [38;5;78minsight[0m
[38;5;8m2023-03-23 15:11:11[0m [I] [38;5;78;1mapp[0m apply plugin [38;5;78mmarket[0m
[38;5;8m2023-03-23 15:11:12[0m [I] [38;5;78;1mapp[0m apply plugin [38;5;78msandbox[0m
[38;5;8m2023-03-23 15:11:12[0m [I] [38;5;78;1mapp[0m apply plugin [38;5;78mstatus[0m
[38;5;8m2023-03-23 15:11:12[0m [I] [38;5;78;1mapp[0m apply plugin [38;5;78mgroup:storage[0m
[38;5;8m2023-03-23 15:11:12[0m [I] [38;5;78;1mapp[0m apply plugin [38;5;78mdatabase-sqlite[0m
[38;5;8m2023-03-23 15:11:12[0m [I] [38;5;78;1mapp[0m apply plugin [38;5;78massets-local[0m
[38;5;8m2023-03-23 15:11:12[0m [I] [38;5;78;1mapp[0m apply plugin [38;5;78mgroup:adapter[0m
[38;5;8m2023-03-23 15:11:12[0m [I] [38;5;78;1mapp[0m apply plugin [38;5;78mgocqhttp[0m
[38;5;8m2023-03-23 15:11:12[0m [I] [38;5;78;1mapp[0m apply plugin [38;5;78mgroup:develop[0m
[38;5;8m2023-03-23 15:11:12[0m [I] [38;5;78;1mapp[0m apply plugin [38;5;78mhmr[0m
[38;5;8m2023-03-23 15:11:12[0m [I] [38;5;204;1massets[0m missing config "selfUrl", fallback to "file:" scheme
[38;5;8m2023-03-23 15:11:12[0m [I] [38;5;78;1mapp[0m server listening at [38;5;78mhttp://127.0.0.1:5140[0m
[38;5;8m2023-03-23 15:11:26[0m [W] [38;5;178;1mmarket[0m aborted
[38;5;8m2023-03-23 15:21:09[0m [I] [38;5;78;1mapp[0m apply plugin [38;5;78mconnet-mongodb:r49y1s[0m
[38;5;8m2023-03-23 15:21:12[0m [I] [38;5;78;1mapp[0m apply plugin [38;5;78mconnet-mongodb:r49y1s[0m
[38;5;8m2023-03-23 15:21:21[0m [I] [38;5;78;1mapp[0m apply plugin [38;5;78mconnet-mongodb:r49y1s[0m
[38;5;8m2023-03-23 15:21:21[0m [I] [38;5;78;1mapp[0m apply plugin [38;5;78mconnet-mongodb:r49y1s[0m
[38;5;8m2023-03-23 15:21:22[0m [I] [38;5;78;1mapp[0m apply plugin [38;5;78mconnet-mongodb:r49y1s[0m
[38;5;8m2023-03-23 15:21:22[0m [I] [38;5;78;1mapp[0m apply plugin [38;5;78mconnet-mongodb:r49y1s[0m
[38;5;8m2023-03-23 15:21:22[0m [I] [38;5;78;1mapp[0m apply plugin [38;5;78mconnet-mongodb:r49y1s[0m
[38;5;8m2023-03-23 15:21:26[0m [I] [38;5;78;1mapp[0m apply plugin [38;5;78mconnet-mongodb:r49y1s[0m
[38;5;8m2023-03-23 15:22:07[0m [I] [38;5;78;1mapp[0m apply plugin [38;5;78mconnet-mongodb:r49y1s[0m
[38;5;8m2023-03-23 15:23:59[0m [I] [38;5;78;1mapp[0m apply plugin [38;5;78mconnet-mongodb:r49y1s[0m
[38;5;8m2023-03-23 15:24:19[0m [W] [38;5;167;1mwatch[0m TypeError: Cannot read properties of undefined (reading 'MongoClient')
                            at Object.<anonymous> (d:\NodeJs\new_msr_bot\new_msr_bot\external\connet-mongodb\src\mongodb.ts:2:29)
                            at Module._compile (node:internal/modules/cjs/loader:1254:14)
                            at Module._compile (D:\NodeJs\new_msr_bot\new_msr_bot\node_modules\esbuild-register\dist\node.js:2258:26)
                            at Module._extensions..js (node:internal/modules/cjs/loader:1308:10)
                            at Object.newLoader [as .ts] (D:\NodeJs\new_msr_bot\new_msr_bot\node_modules\esbuild-register\dist\node.js:2262:9)
                            at Module.load (node:internal/modules/cjs/loader:1117:32)
                            at Module._load (node:internal/modules/cjs/loader:958:12)
                            at Module.require (node:internal/modules/cjs/loader:1141:19)
                            at require (node:internal/modules/cjs/helpers:110:18)
                            at Object.<anonymous> (d:\NodeJs\new_msr_bot\new_msr_bot\external\connet-mongodb\src\index.ts:2:31)
[38;5;8m2023-03-23 15:24:38[0m [I] [38;5;78;1mapp[0m unload plugin [38;5;78mconnet-mongodb:r49y1s[0m
[38;5;8m2023-03-23 15:28:39[0m [I] [38;5;78;1mapp[0m apply plugin [38;5;78mconnet-mongodb:r49y1s[0m
[38;5;8m2023-03-23 15:28:53[0m [I] [38;5;167;1mwatch[0m reload plugin at [38;5;167mexternal\connet-mongodb\src\index.ts[0m
[38;5;8m2023-03-23 15:29:14[0m [I] [38;5;167;1mwatch[0m reload plugin at [38;5;167mexternal\connet-mongodb\src\index.ts[0m
[38;5;8m2023-03-23 15:29:22[0m [I] [38;5;167;1mwatch[0m reload plugin at [38;5;167mexternal\connet-mongodb\src\index.ts[0m
[38;5;8m2023-03-23 15:29:28[0m [I] [38;5;167;1mwatch[0m reload plugin at [38;5;167mexternal\connet-mongodb\src\index.ts[0m
[38;5;8m2023-03-23 15:40:24[0m [I] [38;5;167;1mwatch[0m reload plugin at [38;5;167mexternal\connet-mongodb\src\index.ts[0m
[38;5;8m2023-03-23 15:40:50[0m [I] [38;5;167;1mwatch[0m reload plugin at [38;5;167mexternal\connet-mongodb\src\index.ts[0m
[38;5;8m2023-03-23 15:42:46[0m [I] [38;5;167;1mwatch[0m reload plugin at [38;5;167mexternal\connet-mongodb\src\index.ts[0m
[38;5;8m2023-03-23 15:44:15[0m [I] [38;5;167;1mwatch[0m reload plugin at [38;5;167mexternal\connet-mongodb\src\index.ts[0m
[38;5;8m2023-03-23 15:44:35[0m [I] [38;5;167;1mwatch[0m reload plugin at [38;5;167mexternal\connet-mongodb\src\index.ts[0m
[38;5;8m2023-03-23 15:45:06[0m [I] [38;5;167;1mwatch[0m reload plugin at [38;5;167mexternal\connet-mongodb\src\index.ts[0m
[38;5;8m2023-03-23 15:45:15[0m [I] [38;5;167;1mwatch[0m reload plugin at [38;5;167mexternal\connet-mongodb\src\index.ts[0m
[38;5;8m2023-03-23 15:54:16[0m [I] [38;5;167;1mwatch[0m reload plugin at [38;5;167mexternal\connet-mongodb\src\index.ts[0m
[38;5;8m2023-03-23 15:54:30[0m [I] [38;5;167;1mwatch[0m reload plugin at [38;5;167mexternal\connet-mongodb\src\index.ts[0m
[38;5;8m2023-03-23 17:36:19[0m [I] [38;5;78;1mapp[0m [38;5;15;1mKoishi/4.12.1[0m
[38;5;8m2023-03-23 17:36:19[0m [I] [38;5;78;1mapp[0m apply plugin [38;5;78mgroup:entry[0m
[38;5;8m2023-03-23 17:36:19[0m [I] [38;5;78;1mapp[0m apply plugin [38;5;78mgroup:basic[0m
[38;5;8m2023-03-23 17:36:19[0m [I] [38;5;78;1mapp[0m apply plugin [38;5;78mhelp[0m
[38;5;8m2023-03-23 17:36:19[0m [I] [38;5;78;1mapp[0m apply plugin [38;5;78mcommands[0m
[38;5;8m2023-03-23 17:36:19[0m [I] [38;5;78;1mapp[0m apply plugin [38;5;78mrate-limit[0m
[38;5;8m2023-03-23 17:36:19[0m [I] [38;5;78;1mapp[0m apply plugin [38;5;78mlocales[0m
[38;5;8m2023-03-23 17:36:19[0m [I] [38;5;78;1mapp[0m apply plugin [38;5;78mgroup:console[0m
[38;5;8m2023-03-23 17:36:19[0m [I] [38;5;78;1mapp[0m apply plugin [38;5;78manalytics[0m
[38;5;8m2023-03-23 17:36:20[0m [I] [38;5;78;1mapp[0m apply plugin [38;5;78mconsole[0m
[38;5;8m2023-03-23 17:36:20[0m [I] [38;5;78;1mapp[0m apply plugin [38;5;78mlogger[0m
[38;5;8m2023-03-23 17:36:20[0m [I] [38;5;78;1mapp[0m apply plugin [38;5;78minsight[0m
[38;5;8m2023-03-23 17:36:20[0m [I] [38;5;78;1mapp[0m apply plugin [38;5;78mdataview[0m
[38;5;8m2023-03-23 17:36:20[0m [I] [38;5;78;1mapp[0m apply plugin [38;5;78mmarket[0m
[38;5;8m2023-03-23 17:36:20[0m [I] [38;5;78;1mapp[0m apply plugin [38;5;78msandbox[0m
[38;5;8m2023-03-23 17:36:20[0m [I] [38;5;78;1mapp[0m apply plugin [38;5;78mdatabase-sqlite[0m
[38;5;8m2023-03-23 17:36:20[0m [I] [38;5;78;1mapp[0m apply plugin [38;5;78mgroup:storage[0m
[38;5;8m2023-03-23 17:36:20[0m [I] [38;5;78;1mapp[0m apply plugin [38;5;78massets-local[0m
[38;5;8m2023-03-23 17:36:21[0m [I] [38;5;78;1mapp[0m apply plugin [38;5;78mgroup:adapter[0m
[38;5;8m2023-03-23 17:36:21[0m [I] [38;5;78;1mapp[0m apply plugin [38;5;78mgocqhttp[0m
[38;5;8m2023-03-23 17:36:20[0m [I] [38;5;78;1mapp[0m apply plugin [38;5;78mstatus[0m
[38;5;8m2023-03-23 17:36:21[0m [I] [38;5;78;1mapp[0m apply plugin [38;5;78mgroup:develop[0m
[38;5;8m2023-03-23 17:36:21[0m [I] [38;5;78;1mapp[0m apply plugin [38;5;78mhmr[0m
[38;5;8m2023-03-23 17:36:21[0m [I] [38;5;78;1mapp[0m apply plugin [38;5;78mconnet-mongodb:r49y1s[0m
[38;5;8m2023-03-23 17:36:22[0m [I] [38;5;78;1mapp[0m server listening at [38;5;78mhttp://127.0.0.1:5140[0m
[38;5;8m2023-03-23 17:36:22[0m [I] [38;5;204;1massets[0m missing config "selfUrl", fallback to "file:" scheme
